<?xml version="1.0" encoding="UTF-8"?>
<testng-results ignored="0" total="0" passed="0" failed="0" skipped="0">
  <reporter-output>
  </reporter-output>
  <suite started-at="2022-09-24T18:19:53 GST" name="ge.ufc.AppTest" finished-at="2022-09-24T18:19:53 GST" duration-ms="25">
    <groups>
    </groups>
    <test started-at="2022-09-24T18:19:53 GST" name="Command line test" finished-at="2022-09-24T18:19:53 GST" duration-ms="25">
    </test> <!-- Command line test -->
  </suite> <!-- ge.ufc.AppTest -->
</testng-results>
